<?xml version="1.0" encoding="UTF-8"?>
<!-- Generated by org.testng.reporters.JUnitXMLReporter -->
<testsuite hostname="optimuslap-28" ignored="0" name="Default test" tests="5" failures="0" timestamp="11 Oct 2018 08:16:08 GMT" time="1.855" errors="0">
  <testcase name="@BeforeMethod launchApp" time="1.531" classname="com.uwp.testscripts.TestClass">
    <failure type="java.lang.NoSuchMethodError" message="com.google.common.base.Throwables.throwIfUnchecked(Ljava/lang/Throwable;)V">
      <![CDATA[java.lang.NoSuchMethodError: com.google.common.base.Throwables.throwIfUnchecked(Ljava/lang/Throwable;)Vat io.appium.java_client.remote.AppiumCommandExecutor.execute(AppiumCommandExecutor.java:176)at org.openqa.selenium.remote.RemoteWebDriver.execute(RemoteWebDriver.java:604)at io.appium.java_client.DefaultGenericMobileDriver.execute(DefaultGenericMobileDriver.java:46)at io.appium.java_client.AppiumDriver.execute(AppiumDriver.java:1)at io.appium.java_client.windows.WindowsDriver.execute(WindowsDriver.java:1)at io.appium.java_client.HasSessionDetails.getSessionDetails(HasSessionDetails.java:36)at io.appium.java_client.HasSessionDetails.getSessionDetail(HasSessionDetails.java:42)at io.appium.java_client.HasSessionDetails.getPlatformName(HasSessionDetails.java:46)at io.appium.java_client.AppiumDriver.<init>(AppiumDriver.java:100)at io.appium.java_client.AppiumDriver.<init>(AppiumDriver.java:112)at io.appium.java_client.windows.WindowsDriver.<init>(WindowsDriver.java:43)at com.uwp.service.UtilityService.createWindowsDriverSession(UtilityService.java:64)at com.uwp.testscripts.TestClass.launchApp(TestClass.java:28)at sun.reflect.NativeMethodAccessorImpl.invoke0(Native Method)at sun.reflect.NativeMethodAccessorImpl.invoke(Unknown Source)at sun.reflect.DelegatingMethodAccessorImpl.invoke(Unknown Source)at java.lang.reflect.Method.invoke(Unknown Source)at org.testng.internal.MethodInvocationHelper.invokeMethod(MethodInvocationHelper.java:124)at org.testng.internal.MethodInvocationHelper.invokeMethodConsideringTimeout(MethodInvocationHelper.java:59)at org.testng.internal.Invoker.invokeConfigurationMethod(Invoker.java:451)at org.testng.internal.Invoker.invokeConfigurations(Invoker.java:222)at org.testng.internal.Invoker.invokeMethod(Invoker.java:516)at org.testng.internal.Invoker.invokeTestMethod(Invoker.java:707)at org.testng.internal.Invoker.invokeTestMethods(Invoker.java:979)at org.testng.internal.TestMethodWorker.invokeTestMethods(TestMethodWorker.java:125)at org.testng.internal.TestMethodWorker.run(TestMethodWorker.java:109)at org.testng.TestRunner.privateRun(TestRunner.java:648)at org.testng.TestRunner.run(TestRunner.java:505)at org.testng.SuiteRunner.runTest(SuiteRunner.java:455)at org.testng.SuiteRunner.runSequentially(SuiteRunner.java:450)at org.testng.SuiteRunner.privateRun(SuiteRunner.java:415)at org.testng.SuiteRunner.run(SuiteRunner.java:364)at org.testng.SuiteRunnerWorker.runSuite(SuiteRunnerWorker.java:52)at org.testng.SuiteRunnerWorker.run(SuiteRunnerWorker.java:84)at org.testng.TestNG.runSuitesSequentially(TestNG.java:1187)at org.testng.TestNG.runSuitesLocally(TestNG.java:1116)at org.testng.TestNG.runSuites(TestNG.java:1028)at org.testng.TestNG.run(TestNG.java:996)at org.testng.remote.AbstractRemoteTestNG.run(AbstractRemoteTestNG.java:114)at org.testng.remote.RemoteTestNG.initAndRun(RemoteTestNG.java:251)at org.testng.remote.RemoteTestNG.main(RemoteTestNG.java:77)]]>
    </failure>
  </testcase> <!-- @BeforeMethod launchApp -->
  <testcase name="@AfterMethod quitApp" time="0.0" classname="com.uwp.testscripts.TestClass">
    <skipped/>
  </testcase> <!-- @AfterMethod quitApp -->
  <testcase name="@BeforeMethod launchApp" time="0.0" classname="com.uwp.testscripts.TestClass">
    <skipped/>
  </testcase> <!-- @BeforeMethod launchApp -->
  <testcase name="@AfterMethod quitApp" time="0.0" classname="com.uwp.testscripts.TestClass">
    <skipped/>
  </testcase> <!-- @AfterMethod quitApp -->
  <testcase name="@BeforeMethod launchApp" time="0.0" classname="com.uwp.testscripts.TestClass">
    <skipped/>
  </testcase> <!-- @BeforeMethod launchApp -->
  <testcase name="@AfterMethod quitApp" time="0.0" classname="com.uwp.testscripts.TestClass">
    <skipped/>
  </testcase> <!-- @AfterMethod quitApp -->
  <testcase name="@BeforeMethod launchApp" time="0.0" classname="com.uwp.testscripts.TestClass">
    <skipped/>
  </testcase> <!-- @BeforeMethod launchApp -->
  <testcase name="@AfterMethod quitApp" time="0.0" classname="com.uwp.testscripts.TestClass">
    <skipped/>
  </testcase> <!-- @AfterMethod quitApp -->
  <testcase name="@BeforeMethod launchApp" time="0.0" classname="com.uwp.testscripts.TestClass">
    <skipped/>
  </testcase> <!-- @BeforeMethod launchApp -->
  <testcase name="@AfterMethod quitApp" time="0.0" classname="com.uwp.testscripts.TestClass">
    <skipped/>
  </testcase> <!-- @AfterMethod quitApp -->
  <testcase name="Addition" time="0.0" classname="com.uwp.testscripts.TestClass">
    <skipped/>
  </testcase> <!-- Addition -->
  <testcase name="Combination" time="0.0" classname="com.uwp.testscripts.TestClass">
    <skipped/>
  </testcase> <!-- Combination -->
  <testcase name="Division" time="0.0" classname="com.uwp.testscripts.TestClass">
    <skipped/>
  </testcase> <!-- Division -->
  <testcase name="Multiplication" time="0.0" classname="com.uwp.testscripts.TestClass">
    <skipped/>
  </testcase> <!-- Multiplication -->
  <testcase name="Subtraction" time="0.0" classname="com.uwp.testscripts.TestClass">
    <skipped/>
  </testcase> <!-- Subtraction -->
</testsuite> <!-- Default test -->
