<?xml version="1.0" encoding="UTF-8"?>
<!-- Generated by org.testng.reporters.JUnitXMLReporter -->
<testsuite hostname="optimuslap-28" ignored="1" name="Default test" tests="1" failures="0" timestamp="10 Oct 2018 10:07:54 GMT" time="0.928" errors="0">
  <testcase name="empty" time="0.006" classname="com.uwp.testscripts.CalculatorTest"/>
  <testcase name="Addition" time="0.0" classname="com.uwp.testscripts.CalculatorTest">
    <ignored/>
  </testcase> <!-- Addition -->
</testsuite> <!-- Default test -->
