<?xml version="1.0" encoding="UTF-8"?>
<testng-results skipped="0" failed="0" ignored="0" total="5" passed="5">
  <reporter-output>
  </reporter-output>
  <suite name="VantivCreditCardPayments" duration-ms="17177" started-at="2018-10-11T08:16:35Z" finished-at="2018-10-11T08:16:52Z">
    <groups>
    </groups>
    <test name="BEVantivCreditCardPayments" duration-ms="17177" started-at="2018-10-11T08:16:35Z" finished-at="2018-10-11T08:16:52Z">
      <class name="com.uwp.testscripts.TestClass">
        <test-method status="PASS" signature="setup()[pri:0, instance:com.uwp.testscripts.TestClass@15bfd87]" name="setup" is-config="true" duration-ms="6" started-at="2018-10-11T13:46:35Z" finished-at="2018-10-11T13:46:35Z">
          <reporter-output>
          </reporter-output>
        </test-method> <!-- setup -->
        <test-method status="PASS" signature="launchApp()[pri:0, instance:com.uwp.testscripts.TestClass@15bfd87]" name="launchApp" is-config="true" duration-ms="1573" started-at="2018-10-11T13:46:35Z" finished-at="2018-10-11T13:46:36Z">
          <reporter-output>
          </reporter-output>
        </test-method> <!-- launchApp -->
        <test-method status="PASS" signature="Addition()[pri:0, instance:com.uwp.testscripts.TestClass@15bfd87]" name="Addition" duration-ms="1557" started-at="2018-10-11T13:46:36Z" finished-at="2018-10-11T13:46:38Z">
          <reporter-output>
          </reporter-output>
        </test-method> <!-- Addition -->
        <test-method status="PASS" signature="quitApp()[pri:0, instance:com.uwp.testscripts.TestClass@15bfd87]" name="quitApp" is-config="true" duration-ms="47" started-at="2018-10-11T13:46:38Z" finished-at="2018-10-11T13:46:38Z">
          <reporter-output>
          </reporter-output>
        </test-method> <!-- quitApp -->
        <test-method status="PASS" signature="setup()[pri:0, instance:com.uwp.testscripts.TestClass@15bfd87]" name="setup" is-config="true" duration-ms="0" started-at="2018-10-11T13:46:38Z" finished-at="2018-10-11T13:46:38Z">
          <reporter-output>
          </reporter-output>
        </test-method> <!-- setup -->
        <test-method status="PASS" signature="launchApp()[pri:0, instance:com.uwp.testscripts.TestClass@15bfd87]" name="launchApp" is-config="true" duration-ms="1068" started-at="2018-10-11T13:46:38Z" finished-at="2018-10-11T13:46:39Z">
          <reporter-output>
          </reporter-output>
        </test-method> <!-- launchApp -->
        <test-method status="PASS" signature="Combination()[pri:0, instance:com.uwp.testscripts.TestClass@15bfd87]" name="Combination" duration-ms="3223" started-at="2018-10-11T13:46:39Z" finished-at="2018-10-11T13:46:42Z">
          <reporter-output>
          </reporter-output>
        </test-method> <!-- Combination -->
        <test-method status="PASS" signature="quitApp()[pri:0, instance:com.uwp.testscripts.TestClass@15bfd87]" name="quitApp" is-config="true" duration-ms="47" started-at="2018-10-11T13:46:42Z" finished-at="2018-10-11T13:46:42Z">
          <reporter-output>
          </reporter-output>
        </test-method> <!-- quitApp -->
        <test-method status="PASS" signature="launchApp()[pri:0, instance:com.uwp.testscripts.TestClass@15bfd87]" name="launchApp" is-config="true" duration-ms="1065" started-at="2018-10-11T13:46:42Z" finished-at="2018-10-11T13:46:43Z">
          <reporter-output>
          </reporter-output>
        </test-method> <!-- launchApp -->
        <test-method status="PASS" signature="setup()[pri:0, instance:com.uwp.testscripts.TestClass@15bfd87]" name="setup" is-config="true" duration-ms="0" started-at="2018-10-11T13:46:42Z" finished-at="2018-10-11T13:46:42Z">
          <reporter-output>
          </reporter-output>
        </test-method> <!-- setup -->
        <test-method status="PASS" signature="Division()[pri:0, instance:com.uwp.testscripts.TestClass@15bfd87]" name="Division" duration-ms="3313" started-at="2018-10-11T13:46:43Z" finished-at="2018-10-11T13:46:46Z">
          <reporter-output>
          </reporter-output>
        </test-method> <!-- Division -->
        <test-method status="PASS" signature="quitApp()[pri:0, instance:com.uwp.testscripts.TestClass@15bfd87]" name="quitApp" is-config="true" duration-ms="47" started-at="2018-10-11T13:46:46Z" finished-at="2018-10-11T13:46:46Z">
          <reporter-output>
          </reporter-output>
        </test-method> <!-- quitApp -->
        <test-method status="PASS" signature="launchApp()[pri:0, instance:com.uwp.testscripts.TestClass@15bfd87]" name="launchApp" is-config="true" duration-ms="1082" started-at="2018-10-11T13:46:46Z" finished-at="2018-10-11T13:46:48Z">
          <reporter-output>
          </reporter-output>
        </test-method> <!-- launchApp -->
        <test-method status="PASS" signature="setup()[pri:0, instance:com.uwp.testscripts.TestClass@15bfd87]" name="setup" is-config="true" duration-ms="0" started-at="2018-10-11T13:46:46Z" finished-at="2018-10-11T13:46:46Z">
          <reporter-output>
          </reporter-output>
        </test-method> <!-- setup -->
        <test-method status="PASS" signature="Multiplication()[pri:0, instance:com.uwp.testscripts.TestClass@15bfd87]" name="Multiplication" duration-ms="1472" started-at="2018-10-11T13:46:48Z" finished-at="2018-10-11T13:46:49Z">
          <reporter-output>
          </reporter-output>
        </test-method> <!-- Multiplication -->
        <test-method status="PASS" signature="quitApp()[pri:0, instance:com.uwp.testscripts.TestClass@15bfd87]" name="quitApp" is-config="true" duration-ms="47" started-at="2018-10-11T13:46:49Z" finished-at="2018-10-11T13:46:49Z">
          <reporter-output>
          </reporter-output>
        </test-method> <!-- quitApp -->
        <test-method status="PASS" signature="setup()[pri:0, instance:com.uwp.testscripts.TestClass@15bfd87]" name="setup" is-config="true" duration-ms="0" started-at="2018-10-11T13:46:49Z" finished-at="2018-10-11T13:46:49Z">
          <reporter-output>
          </reporter-output>
        </test-method> <!-- setup -->
        <test-method status="PASS" signature="launchApp()[pri:0, instance:com.uwp.testscripts.TestClass@15bfd87]" name="launchApp" is-config="true" duration-ms="1064" started-at="2018-10-11T13:46:49Z" finished-at="2018-10-11T13:46:50Z">
          <reporter-output>
          </reporter-output>
        </test-method> <!-- launchApp -->
        <test-method status="PASS" signature="Subtraction()[pri:0, instance:com.uwp.testscripts.TestClass@15bfd87]" name="Subtraction" duration-ms="1481" started-at="2018-10-11T13:46:50Z" finished-at="2018-10-11T13:46:52Z">
          <reporter-output>
          </reporter-output>
        </test-method> <!-- Subtraction -->
        <test-method status="PASS" signature="quitApp()[pri:0, instance:com.uwp.testscripts.TestClass@15bfd87]" name="quitApp" is-config="true" duration-ms="46" started-at="2018-10-11T13:46:52Z" finished-at="2018-10-11T13:46:52Z">
          <reporter-output>
          </reporter-output>
        </test-method> <!-- quitApp -->
      </class> <!-- com.uwp.testscripts.TestClass -->
    </test> <!-- BEVantivCreditCardPayments -->
  </suite> <!-- VantivCreditCardPayments -->
</testng-results>
