<?xml version="1.0" encoding="UTF-8"?>
<testng-results skipped="0" failed="0" ignored="1" total="2" passed="1">
  <reporter-output>
  </reporter-output>
  <suite name="Default suite" duration-ms="928" started-at="2018-10-10T10:07:53Z" finished-at="2018-10-10T10:07:54Z">
    <groups>
    </groups>
    <test name="Default test" duration-ms="928" started-at="2018-10-10T10:07:53Z" finished-at="2018-10-10T10:07:54Z">
      <class name="com.uwp.testscripts.CalculatorTest">
        <test-method status="PASS" signature="setup()[pri:0, instance:com.uwp.testscripts.CalculatorTest@612679d6]" name="setup" is-config="true" duration-ms="907" started-at="2018-10-10T15:37:53Z" finished-at="2018-10-10T15:37:54Z">
          <reporter-output>
          </reporter-output>
        </test-method> <!-- setup -->
        <test-method status="PASS" signature="empty()[pri:0, instance:com.uwp.testscripts.CalculatorTest@612679d6]" name="empty" duration-ms="6" started-at="2018-10-10T15:37:54Z" finished-at="2018-10-10T15:37:54Z">
          <reporter-output>
          </reporter-output>
        </test-method> <!-- empty -->
        <test-method status="PASS" signature="TearDown()[pri:0, instance:com.uwp.testscripts.CalculatorTest@612679d6]" name="TearDown" is-config="true" duration-ms="0" started-at="2018-10-10T15:37:54Z" finished-at="2018-10-10T15:37:54Z">
          <reporter-output>
          </reporter-output>
        </test-method> <!-- TearDown -->
      </class> <!-- com.uwp.testscripts.CalculatorTest -->
    </test> <!-- Default test -->
  </suite> <!-- Default suite -->
</testng-results>
